0 info it worked if it ends with ok
1 verbose cli [ '/usr/local/Cellar/node@6/6.14.2/bin/node',
1 verbose cli   '/usr/local/opt/node@6/bin/npm',
1 verbose cli   'run',
1 verbose cli   'build' ]
2 info using npm@3.10.10
3 info using node@v6.14.2
4 verbose run-script [ 'prebuild', 'build', 'postbuild' ]
5 info lifecycle gpea@0.0.1~prebuild: gpea@0.0.1
6 silly lifecycle gpea@0.0.1~prebuild: no script for prebuild, continuing
7 info lifecycle gpea@0.0.1~build: gpea@0.0.1
8 verbose lifecycle gpea@0.0.1~build: unsafe-perm in lifecycle true
9 verbose lifecycle gpea@0.0.1~build: PATH: /usr/local/Cellar/node@6/6.14.2/lib/node_modules/npm/bin/node-gyp-bin:/Users/ale/websites/planet4-docker-compose/persistence/app/public/wp-content/themes/planet4-child-theme-hongkong/node_modules/.bin:/usr/local/Cellar/node@6/6.14.2/bin:/usr/local/opt/node@6/bin:/usr/local/bin:/usr/bin:/bin:/usr/sbin:/sbin:/Users/ale/.composer:/Users/ale/websites/phpcbf.phar:/Users/ale/websites/phpcs.phar:/Users/ale/.composer/vendor/bin/phpcbf:/Users/ale/.composer/vendor/bin/phpcs:/Users/ale/Library/Python/2.7/bin
10 verbose lifecycle gpea@0.0.1~build: CWD: /Users/ale/websites/planet4-docker-compose/persistence/app/public/wp-content/themes/planet4-child-theme-hongkong
11 silly lifecycle gpea@0.0.1~build: Args: [ '-c', 'gulp build' ]
12 silly lifecycle gpea@0.0.1~build: Returned: code: 1  signal: null
13 info lifecycle gpea@0.0.1~build: Failed to exec build script
14 verbose stack Error: gpea@0.0.1 build: `gulp build`
14 verbose stack Exit status 1
14 verbose stack     at EventEmitter.<anonymous> (/usr/local/Cellar/node@6/6.14.2/lib/node_modules/npm/lib/utils/lifecycle.js:255:16)
14 verbose stack     at emitTwo (events.js:106:13)
14 verbose stack     at EventEmitter.emit (events.js:191:7)
14 verbose stack     at ChildProcess.<anonymous> (/usr/local/Cellar/node@6/6.14.2/lib/node_modules/npm/lib/utils/spawn.js:40:14)
14 verbose stack     at emitTwo (events.js:106:13)
14 verbose stack     at ChildProcess.emit (events.js:191:7)
14 verbose stack     at maybeClose (internal/child_process.js:920:16)
14 verbose stack     at Process.ChildProcess._handle.onexit (internal/child_process.js:230:5)
15 verbose pkgid gpea@0.0.1
16 verbose cwd /Users/ale/websites/planet4-docker-compose/persistence/app/public/wp-content/themes/planet4-child-theme-hongkong
17 error Darwin 18.6.0
18 error argv "/usr/local/Cellar/node@6/6.14.2/bin/node" "/usr/local/opt/node@6/bin/npm" "run" "build"
19 error node v6.14.2
20 error npm  v3.10.10
21 error code ELIFECYCLE
22 error gpea@0.0.1 build: `gulp build`
22 error Exit status 1
23 error Failed at the gpea@0.0.1 build script 'gulp build'.
23 error Make sure you have the latest version of node.js and npm installed.
23 error If you do, this is most likely a problem with the gpea package,
23 error not with npm itself.
23 error Tell the author that this fails on your system:
23 error     gulp build
23 error You can get information on how to open an issue for this project with:
23 error     npm bugs gpea
23 error Or if that isn't available, you can get their info via:
23 error     npm owner ls gpea
23 error There is likely additional logging output above.
24 verbose exit [ 1, true ]
